<?xml version="1.0" encoding="UTF-8"?>
<testng-results ignored="0" total="1" passed="1" failed="0" skipped="0">
  <reporter-output>
  </reporter-output>
  <suite started-at="2025-04-22T18:08:37 EET" name="Default suite" finished-at="2025-04-22T18:08:37 EET" duration-ms="675">
    <groups>
    </groups>
    <test started-at="2025-04-22T18:08:37 EET" name="Default test" finished-at="2025-04-22T18:08:37 EET" duration-ms="675">
      <class name="NewClass">
        <test-method is-config="true" signature="Setup()[pri:0, instance:NewClass@70a36a66]" started-at="2025-04-22T18:08:37 EET" name="Setup" finished-at="2025-04-22T18:08:37 EET" duration-ms="187" status="PASS">
          <reporter-output>
          </reporter-output>
        </test-method> <!-- Setup -->
        <test-method signature="Login()[pri:0, instance:NewClass@70a36a66]" started-at="2025-04-22T18:08:37 EET" name="Login" finished-at="2025-04-22T18:08:37 EET" duration-ms="419" status="PASS">
          <reporter-output>
          </reporter-output>
        </test-method> <!-- Login -->
      </class> <!-- NewClass -->
    </test> <!-- Default test -->
  </suite> <!-- Default suite -->
</testng-results>
